  [1m[36mSQL (0.3ms)[0m  [1mCREATE EXTENSION IF NOT EXISTS "plpgsql"[0m
  [1m[35m (18.1ms)[0m  CREATE TABLE "pins" ("id" serial primary key, "title" character varying, "url" character varying, "text" text, "slug" character varying, "resource_type" character varying) 
  [1m[36m (13.5ms)[0m  [1mCREATE TABLE "schema_migrations" ("version" character varying NOT NULL) [0m
  [1m[35m (3.5ms)[0m  CREATE UNIQUE INDEX  "unique_schema_migrations" ON "schema_migrations"  ("version")
  [1m[36m (0.4ms)[0m  [1mSELECT version FROM "schema_migrations"[0m
  [1m[35m (0.7ms)[0m  INSERT INTO "schema_migrations" (version) VALUES ('20150320022457')
  [1m[36m (0.5ms)[0m  [1mINSERT INTO "schema_migrations" (version) VALUES ('20150318194553')[0m
  [1m[35mSQL (0.5ms)[0m  CREATE EXTENSION IF NOT EXISTS "plpgsql"
  [1m[36m (5.2ms)[0m  [1mCREATE TABLE "pins" ("id" serial primary key, "title" character varying, "url" character varying, "text" text, "slug" character varying, "resource_type" character varying) [0m
  [1m[35m (2.2ms)[0m  CREATE TABLE "schema_migrations" ("version" character varying NOT NULL) 
  [1m[36m (1.2ms)[0m  [1mCREATE UNIQUE INDEX  "unique_schema_migrations" ON "schema_migrations"  ("version")[0m
  [1m[35m (0.4ms)[0m  SELECT version FROM "schema_migrations"
  [1m[36m (0.6ms)[0m  [1mINSERT INTO "schema_migrations" (version) VALUES ('20150320022457')[0m
  [1m[35m (0.4ms)[0m  INSERT INTO "schema_migrations" (version) VALUES ('20150318194553')
  [1m[36mActiveRecord::SchemaMigration Load (0.4ms)[0m  [1mSELECT "schema_migrations".* FROM "schema_migrations"[0m
  [1m[35m (0.3ms)[0m  BEGIN
  [1m[36mPin Exists (0.8ms)[0m  [1mSELECT  1 AS one FROM "pins" WHERE "pins"."slug" = 'rails-tutorial' LIMIT 1[0m
  [1m[35mSQL (0.3ms)[0m  INSERT INTO "pins" ("title", "url", "text", "slug", "resource_type") VALUES ($1, $2, $3, $4, $5) RETURNING "id"  [["title", "Rails Tutorial"], ["url", "https://www.railstutorial.org/"], ["text", "The trusted standard in self-directed introductions to Ruby on Rails. A complete treatment of all the essentials\n    required in most production Rails applications."], ["slug", "rails-tutorial"], ["resource_type", "rails"]]
  [1m[36m (6.5ms)[0m  [1mCOMMIT[0m
  [1m[35m (0.4ms)[0m  BEGIN
  [1m[36mPin Exists (6.0ms)[0m  [1mSELECT  1 AS one FROM "pins" WHERE "pins"."slug" = 'rails-for-zombies' LIMIT 1[0m
  [1m[35mSQL (0.6ms)[0m  INSERT INTO "pins" ("title", "url", "text", "slug", "resource_type") VALUES ($1, $2, $3, $4, $5) RETURNING "id"  [["title", "Rails for Zombies"], ["url", "http://railsforzombies.org"], ["text", "A fun, gamified way to hone your Rails skills! Come on...who doesn't like fighting zombies?!"], ["slug", "rails-for-zombies"], ["resource_type", "rails"]]
  [1m[36m (5.5ms)[0m  [1mCOMMIT[0m
  [1m[35m (0.4ms)[0m  BEGIN
  [1m[36mPin Exists (0.6ms)[0m  [1mSELECT  1 AS one FROM "pins" WHERE "pins"."slug" = 'try-ruby' LIMIT 1[0m
  [1m[35mSQL (0.5ms)[0m  INSERT INTO "pins" ("title", "url", "text", "slug", "resource_type") VALUES ($1, $2, $3, $4, $5) RETURNING "id"  [["title", "Try Ruby"], ["url", "http://tryruby.org/"], ["text", "An interactive, in-browser tutorial for the Ruby programming language. A thorough walkthrough of \n    Ruby's nuances, geared toward beginners."], ["slug", "try-ruby"], ["resource_type", "ruby"]]
  [1m[36m (0.8ms)[0m  [1mCOMMIT[0m
  [1m[35m (0.4ms)[0m  BEGIN
  [1m[36mPin Exists (0.5ms)[0m  [1mSELECT  1 AS one FROM "pins" WHERE "pins"."slug" = 'ruby-quiz' LIMIT 1[0m
  [1m[35mSQL (0.4ms)[0m  INSERT INTO "pins" ("title", "url", "text", "slug", "resource_type") VALUES ($1, $2, $3, $4, $5) RETURNING "id"  [["title", "Ruby Quiz"], ["url", "http://rubyquiz.org"], ["text", "A collection of quizzes on the Ruby programming language."], ["slug", "ruby-quiz"], ["resource_type", "ruby"]]
  [1m[36m (0.5ms)[0m  [1mCOMMIT[0m
  [1m[35m (0.3ms)[0m  BEGIN
  [1m[36mPin Exists (0.4ms)[0m  [1mSELECT  1 AS one FROM "pins" WHERE "pins"."slug" = 'ga-ror-for-developers' LIMIT 1[0m
  [1m[35mSQL (0.3ms)[0m  INSERT INTO "pins" ("title", "url", "text", "slug", "resource_type") VALUES ($1, $2, $3, $4, $5) RETURNING "id"  [["title", "Ruby on Rails for Developers"], ["url", "https://github.com/generalassembly/ga-ruby-on-rails-for-devs"], ["text", "Somewhat advanced curriculum, but the exercises are also good for anyone who is motivated and \n    self-guided with experience."], ["slug", "ga-ror-for-developers"], ["resource_type", "rails"]]
  [1m[36m (0.5ms)[0m  [1mCOMMIT[0m
  [1m[35m (0.2ms)[0m  BEGIN
  [1m[36mPin Exists (0.4ms)[0m  [1mSELECT  1 AS one FROM "pins" WHERE "pins"."slug" = 'ruby-monk' LIMIT 1[0m
  [1m[35mSQL (0.3ms)[0m  INSERT INTO "pins" ("title", "url", "text", "slug", "resource_type") VALUES ($1, $2, $3, $4, $5) RETURNING "id"  [["title", "Ruby Monk"], ["url", "http://rubymonk.com"], ["text", "The Ruby Primer is a free interactive book that helps you learn Ruby. Discover Ruby idioms, learn \n    lessons and solve problems, all in your browser!"], ["slug", "ruby-monk"], ["resource_type", "ruby"]]
  [1m[36m (0.4ms)[0m  [1mCOMMIT[0m


Started GET "/" for ::1 at 2016-03-03 13:42:46 -0800
  [1m[36mActiveRecord::SchemaMigration Load (0.7ms)[0m  [1mSELECT "schema_migrations".* FROM "schema_migrations"[0m
Processing by PinsController#index as HTML
  [1m[35mPin Load (0.5ms)[0m  SELECT "pins".* FROM "pins"
  Rendered pins/index.erb within layouts/application (9.9ms)
Completed 200 OK in 1337ms (Views: 1316.4ms | ActiveRecord: 3.2ms)


Started GET "/assets/cosmo-bootswatch-theme.self-c47e5de2daab674872713b8e1066b4ca5f69e2437ff6dd0ee3ffc4b21557fc00.css?body=1" for ::1 at 2016-03-03 13:42:48 -0800


Started GET "/assets/pins.self-eefb0977b2bea18c6c97c41710542af42c4ddbe6f577cbfd29d00a342be0224b.css?body=1" for ::1 at 2016-03-03 13:42:48 -0800


Started GET "/assets/application.self-3a3c8b61bda630ee689740ce7cbd0dd8ea6fdd45e2c42eef4661ab38cf268afe.js?body=1" for ::1 at 2016-03-03 13:42:48 -0800


Started GET "/assets/application.self-e7a2f61f11e45634a8aec5caf2b0ead9e7b1d10aa20ddfd12dcb28faa6ed5289.css?body=1" for ::1 at 2016-03-03 13:42:48 -0800


Started GET "/pins/1" for ::1 at 2016-03-03 13:45:29 -0800
Processing by PinsController#show as HTML
  Parameters: {"id"=>"1"}
  [1m[36mPin Load (0.4ms)[0m  [1mSELECT  "pins".* FROM "pins" WHERE "pins"."id" = $1 LIMIT 1[0m  [["id", 1]]
  Rendered pins/show.erb within layouts/application (52.4ms)
Completed 500 Internal Server Error in 74ms

ActionView::Template::Error (undefined local variable or method `pin' for #<#<Class:0x007fba7eb0b108>:0x007fba821647b8>):
    10:   <hr/>
    11:   <p>
    12:     <b>Visit <%= "#{@pin.title}" %> at: </b>
    13:     <a class="url" href="<%= "#{pin.url}" %>" target="_blank">
    14:       <%= "#{pin.url}" %>
    15:     </a>
    16:   </p>
  app/views/pins/show.erb:13:in `_app_views_pins_show_erb___2261219283564675650_70219511610400'


  Rendered /Users/nolanfrazier/.rbenv/versions/2.3.0-dev/lib/ruby/gems/2.3.0/gems/actionpack-4.2.0/lib/action_dispatch/middleware/templates/rescues/_source.erb (9.5ms)
  Rendered /Users/nolanfrazier/.rbenv/versions/2.3.0-dev/lib/ruby/gems/2.3.0/gems/actionpack-4.2.0/lib/action_dispatch/middleware/templates/rescues/_trace.html.erb (3.9ms)
  Rendered /Users/nolanfrazier/.rbenv/versions/2.3.0-dev/lib/ruby/gems/2.3.0/gems/actionpack-4.2.0/lib/action_dispatch/middleware/templates/rescues/_request_and_response.html.erb (1.1ms)
  Rendered /Users/nolanfrazier/.rbenv/versions/2.3.0-dev/lib/ruby/gems/2.3.0/gems/actionpack-4.2.0/lib/action_dispatch/middleware/templates/rescues/template_error.html.erb within rescues/layout (86.0ms)
  Rendered /Users/nolanfrazier/.rbenv/versions/2.3.0-dev/lib/ruby/gems/2.3.0/gems/web-console-2.3.0/lib/web_console/templates/_markup.html.erb (0.5ms)
  Rendered /Users/nolanfrazier/.rbenv/versions/2.3.0-dev/lib/ruby/gems/2.3.0/gems/web-console-2.3.0/lib/web_console/templates/_inner_console_markup.html.erb within layouts/inlined_string (0.5ms)
  Rendered /Users/nolanfrazier/.rbenv/versions/2.3.0-dev/lib/ruby/gems/2.3.0/gems/web-console-2.3.0/lib/web_console/templates/_prompt_box_markup.html.erb within layouts/inlined_string (0.3ms)
  Rendered /Users/nolanfrazier/.rbenv/versions/2.3.0-dev/lib/ruby/gems/2.3.0/gems/web-console-2.3.0/lib/web_console/templates/style.css.erb within layouts/inlined_string (0.4ms)
  Rendered /Users/nolanfrazier/.rbenv/versions/2.3.0-dev/lib/ruby/gems/2.3.0/gems/web-console-2.3.0/lib/web_console/templates/console.js.erb within layouts/javascript (92.7ms)
  Rendered /Users/nolanfrazier/.rbenv/versions/2.3.0-dev/lib/ruby/gems/2.3.0/gems/web-console-2.3.0/lib/web_console/templates/main.js.erb within layouts/javascript (0.5ms)
  Rendered /Users/nolanfrazier/.rbenv/versions/2.3.0-dev/lib/ruby/gems/2.3.0/gems/web-console-2.3.0/lib/web_console/templates/error_page.js.erb within layouts/javascript (0.5ms)
  Rendered /Users/nolanfrazier/.rbenv/versions/2.3.0-dev/lib/ruby/gems/2.3.0/gems/web-console-2.3.0/lib/web_console/templates/index.html.erb (191.1ms)


Started GET "/pins/1" for ::1 at 2016-03-03 13:45:30 -0800
Processing by PinsController#show as HTML
  Parameters: {"id"=>"1"}
  [1m[35mPin Load (0.3ms)[0m  SELECT  "pins".* FROM "pins" WHERE "pins"."id" = $1 LIMIT 1  [["id", 1]]
  Rendered pins/show.erb within layouts/application (49.1ms)
Completed 500 Internal Server Error in 55ms

ActionView::Template::Error (undefined local variable or method `pin' for #<#<Class:0x007fba7eb0b108>:0x007fba8206b2f8>):
    10:   <hr/>
    11:   <p>
    12:     <b>Visit <%= "#{@pin.title}" %> at: </b>
    13:     <a class="url" href="<%= "#{pin.url}" %>" target="_blank">
    14:       <%= "#{pin.url}" %>
    15:     </a>
    16:   </p>
  app/views/pins/show.erb:13:in `_app_views_pins_show_erb___2261219283564675650_70219511058600'


  Rendered /Users/nolanfrazier/.rbenv/versions/2.3.0-dev/lib/ruby/gems/2.3.0/gems/actionpack-4.2.0/lib/action_dispatch/middleware/templates/rescues/_source.erb (8.3ms)
  Rendered /Users/nolanfrazier/.rbenv/versions/2.3.0-dev/lib/ruby/gems/2.3.0/gems/actionpack-4.2.0/lib/action_dispatch/middleware/templates/rescues/_trace.html.erb (3.1ms)
  Rendered /Users/nolanfrazier/.rbenv/versions/2.3.0-dev/lib/ruby/gems/2.3.0/gems/actionpack-4.2.0/lib/action_dispatch/middleware/templates/rescues/_request_and_response.html.erb (0.9ms)
  Rendered /Users/nolanfrazier/.rbenv/versions/2.3.0-dev/lib/ruby/gems/2.3.0/gems/actionpack-4.2.0/lib/action_dispatch/middleware/templates/rescues/template_error.html.erb within rescues/layout (78.1ms)
  Rendered /Users/nolanfrazier/.rbenv/versions/2.3.0-dev/lib/ruby/gems/2.3.0/gems/web-console-2.3.0/lib/web_console/templates/_markup.html.erb (0.5ms)
  Rendered /Users/nolanfrazier/.rbenv/versions/2.3.0-dev/lib/ruby/gems/2.3.0/gems/web-console-2.3.0/lib/web_console/templates/_inner_console_markup.html.erb within layouts/inlined_string (0.4ms)
  Rendered /Users/nolanfrazier/.rbenv/versions/2.3.0-dev/lib/ruby/gems/2.3.0/gems/web-console-2.3.0/lib/web_console/templates/_prompt_box_markup.html.erb within layouts/inlined_string (0.3ms)
  Rendered /Users/nolanfrazier/.rbenv/versions/2.3.0-dev/lib/ruby/gems/2.3.0/gems/web-console-2.3.0/lib/web_console/templates/style.css.erb within layouts/inlined_string (0.4ms)
  Rendered /Users/nolanfrazier/.rbenv/versions/2.3.0-dev/lib/ruby/gems/2.3.0/gems/web-console-2.3.0/lib/web_console/templates/console.js.erb within layouts/javascript (65.2ms)
  Rendered /Users/nolanfrazier/.rbenv/versions/2.3.0-dev/lib/ruby/gems/2.3.0/gems/web-console-2.3.0/lib/web_console/templates/main.js.erb within layouts/javascript (0.3ms)
  Rendered /Users/nolanfrazier/.rbenv/versions/2.3.0-dev/lib/ruby/gems/2.3.0/gems/web-console-2.3.0/lib/web_console/templates/error_page.js.erb within layouts/javascript (0.5ms)
  Rendered /Users/nolanfrazier/.rbenv/versions/2.3.0-dev/lib/ruby/gems/2.3.0/gems/web-console-2.3.0/lib/web_console/templates/index.html.erb (147.8ms)


Started GET "/pins/2" for ::1 at 2016-03-03 13:45:51 -0800
Processing by PinsController#show as HTML
  Parameters: {"id"=>"2"}
  [1m[36mPin Load (0.3ms)[0m  [1mSELECT  "pins".* FROM "pins" WHERE "pins"."id" = $1 LIMIT 1[0m  [["id", 2]]
  Rendered pins/show.erb within layouts/application (62.5ms)
Completed 500 Internal Server Error in 69ms

ActionView::Template::Error (undefined local variable or method `pin' for #<#<Class:0x007fba7eb0b108>:0x007fba822e4ea8>):
    10:   <hr/>
    11:   <p>
    12:     <b>Visit <%= "#{@pin.title}" %> at: </b>
    13:     <a class="url" href="<%= "#{pin.url}" %>" target="_blank">
    14:       <%= "#{pin.url}" %>
    15:     </a>
    16:   </p>
  app/views/pins/show.erb:13:in `_app_views_pins_show_erb___2261219283564675650_70219511610400'


  Rendered /Users/nolanfrazier/.rbenv/versions/2.3.0-dev/lib/ruby/gems/2.3.0/gems/actionpack-4.2.0/lib/action_dispatch/middleware/templates/rescues/_source.erb (12.5ms)
  Rendered /Users/nolanfrazier/.rbenv/versions/2.3.0-dev/lib/ruby/gems/2.3.0/gems/actionpack-4.2.0/lib/action_dispatch/middleware/templates/rescues/_trace.html.erb (5.0ms)
  Rendered /Users/nolanfrazier/.rbenv/versions/2.3.0-dev/lib/ruby/gems/2.3.0/gems/actionpack-4.2.0/lib/action_dispatch/middleware/templates/rescues/_request_and_response.html.erb (1.3ms)
  Rendered /Users/nolanfrazier/.rbenv/versions/2.3.0-dev/lib/ruby/gems/2.3.0/gems/actionpack-4.2.0/lib/action_dispatch/middleware/templates/rescues/template_error.html.erb within rescues/layout (87.9ms)
  Rendered /Users/nolanfrazier/.rbenv/versions/2.3.0-dev/lib/ruby/gems/2.3.0/gems/web-console-2.3.0/lib/web_console/templates/_markup.html.erb (0.8ms)
  Rendered /Users/nolanfrazier/.rbenv/versions/2.3.0-dev/lib/ruby/gems/2.3.0/gems/web-console-2.3.0/lib/web_console/templates/_inner_console_markup.html.erb within layouts/inlined_string (0.3ms)
  Rendered /Users/nolanfrazier/.rbenv/versions/2.3.0-dev/lib/ruby/gems/2.3.0/gems/web-console-2.3.0/lib/web_console/templates/_prompt_box_markup.html.erb within layouts/inlined_string (0.3ms)
  Rendered /Users/nolanfrazier/.rbenv/versions/2.3.0-dev/lib/ruby/gems/2.3.0/gems/web-console-2.3.0/lib/web_console/templates/style.css.erb within layouts/inlined_string (0.5ms)
  Rendered /Users/nolanfrazier/.rbenv/versions/2.3.0-dev/lib/ruby/gems/2.3.0/gems/web-console-2.3.0/lib/web_console/templates/console.js.erb within layouts/javascript (74.5ms)
  Rendered /Users/nolanfrazier/.rbenv/versions/2.3.0-dev/lib/ruby/gems/2.3.0/gems/web-console-2.3.0/lib/web_console/templates/main.js.erb within layouts/javascript (0.3ms)
  Rendered /Users/nolanfrazier/.rbenv/versions/2.3.0-dev/lib/ruby/gems/2.3.0/gems/web-console-2.3.0/lib/web_console/templates/error_page.js.erb within layouts/javascript (0.7ms)
  Rendered /Users/nolanfrazier/.rbenv/versions/2.3.0-dev/lib/ruby/gems/2.3.0/gems/web-console-2.3.0/lib/web_console/templates/index.html.erb (160.6ms)


Started GET "/pins/2" for ::1 at 2016-03-03 13:45:52 -0800
Processing by PinsController#show as HTML
  Parameters: {"id"=>"2"}
  [1m[35mPin Load (0.3ms)[0m  SELECT  "pins".* FROM "pins" WHERE "pins"."id" = $1 LIMIT 1  [["id", 2]]
  Rendered pins/show.erb within layouts/application (57.5ms)
Completed 500 Internal Server Error in 63ms

ActionView::Template::Error (undefined local variable or method `pin' for #<#<Class:0x007fba7eb0b108>:0x007fba7b0a1f80>):
    10:   <hr/>
    11:   <p>
    12:     <b>Visit <%= "#{@pin.title}" %> at: </b>
    13:     <a class="url" href="<%= "#{pin.url}" %>" target="_blank">
    14:       <%= "#{pin.url}" %>
    15:     </a>
    16:   </p>
  app/views/pins/show.erb:13:in `_app_views_pins_show_erb___2261219283564675650_70219511058600'


  Rendered /Users/nolanfrazier/.rbenv/versions/2.3.0-dev/lib/ruby/gems/2.3.0/gems/actionpack-4.2.0/lib/action_dispatch/middleware/templates/rescues/_source.erb (8.1ms)
  Rendered /Users/nolanfrazier/.rbenv/versions/2.3.0-dev/lib/ruby/gems/2.3.0/gems/actionpack-4.2.0/lib/action_dispatch/middleware/templates/rescues/_trace.html.erb (3.2ms)
  Rendered /Users/nolanfrazier/.rbenv/versions/2.3.0-dev/lib/ruby/gems/2.3.0/gems/actionpack-4.2.0/lib/action_dispatch/middleware/templates/rescues/_request_and_response.html.erb (1.0ms)
  Rendered /Users/nolanfrazier/.rbenv/versions/2.3.0-dev/lib/ruby/gems/2.3.0/gems/actionpack-4.2.0/lib/action_dispatch/middleware/templates/rescues/template_error.html.erb within rescues/layout (81.3ms)
  Rendered /Users/nolanfrazier/.rbenv/versions/2.3.0-dev/lib/ruby/gems/2.3.0/gems/web-console-2.3.0/lib/web_console/templates/_markup.html.erb (0.9ms)
  Rendered /Users/nolanfrazier/.rbenv/versions/2.3.0-dev/lib/ruby/gems/2.3.0/gems/web-console-2.3.0/lib/web_console/templates/_inner_console_markup.html.erb within layouts/inlined_string (0.3ms)
  Rendered /Users/nolanfrazier/.rbenv/versions/2.3.0-dev/lib/ruby/gems/2.3.0/gems/web-console-2.3.0/lib/web_console/templates/_prompt_box_markup.html.erb within layouts/inlined_string (0.3ms)
  Rendered /Users/nolanfrazier/.rbenv/versions/2.3.0-dev/lib/ruby/gems/2.3.0/gems/web-console-2.3.0/lib/web_console/templates/style.css.erb within layouts/inlined_string (0.4ms)
  Rendered /Users/nolanfrazier/.rbenv/versions/2.3.0-dev/lib/ruby/gems/2.3.0/gems/web-console-2.3.0/lib/web_console/templates/console.js.erb within layouts/javascript (68.2ms)
  Rendered /Users/nolanfrazier/.rbenv/versions/2.3.0-dev/lib/ruby/gems/2.3.0/gems/web-console-2.3.0/lib/web_console/templates/main.js.erb within layouts/javascript (0.4ms)
  Rendered /Users/nolanfrazier/.rbenv/versions/2.3.0-dev/lib/ruby/gems/2.3.0/gems/web-console-2.3.0/lib/web_console/templates/error_page.js.erb within layouts/javascript (0.7ms)
  Rendered /Users/nolanfrazier/.rbenv/versions/2.3.0-dev/lib/ruby/gems/2.3.0/gems/web-console-2.3.0/lib/web_console/templates/index.html.erb (152.6ms)


Started GET "/pins/3" for ::1 at 2016-03-03 13:45:58 -0800
Processing by PinsController#show as HTML
  Parameters: {"id"=>"3"}
  [1m[36mPin Load (0.3ms)[0m  [1mSELECT  "pins".* FROM "pins" WHERE "pins"."id" = $1 LIMIT 1[0m  [["id", 3]]
  Rendered pins/show.erb within layouts/application (54.9ms)
Completed 500 Internal Server Error in 61ms

ActionView::Template::Error (undefined local variable or method `pin' for #<#<Class:0x007fba7eb0b108>:0x007fba7edb4f08>):
    10:   <hr/>
    11:   <p>
    12:     <b>Visit <%= "#{@pin.title}" %> at: </b>
    13:     <a class="url" href="<%= "#{pin.url}" %>" target="_blank">
    14:       <%= "#{pin.url}" %>
    15:     </a>
    16:   </p>
  app/views/pins/show.erb:13:in `_app_views_pins_show_erb___2261219283564675650_70219511610400'


  Rendered /Users/nolanfrazier/.rbenv/versions/2.3.0-dev/lib/ruby/gems/2.3.0/gems/actionpack-4.2.0/lib/action_dispatch/middleware/templates/rescues/_source.erb (7.9ms)
  Rendered /Users/nolanfrazier/.rbenv/versions/2.3.0-dev/lib/ruby/gems/2.3.0/gems/actionpack-4.2.0/lib/action_dispatch/middleware/templates/rescues/_trace.html.erb (3.3ms)
  Rendered /Users/nolanfrazier/.rbenv/versions/2.3.0-dev/lib/ruby/gems/2.3.0/gems/actionpack-4.2.0/lib/action_dispatch/middleware/templates/rescues/_request_and_response.html.erb (0.9ms)
  Rendered /Users/nolanfrazier/.rbenv/versions/2.3.0-dev/lib/ruby/gems/2.3.0/gems/actionpack-4.2.0/lib/action_dispatch/middleware/templates/rescues/template_error.html.erb within rescues/layout (80.1ms)
  Rendered /Users/nolanfrazier/.rbenv/versions/2.3.0-dev/lib/ruby/gems/2.3.0/gems/web-console-2.3.0/lib/web_console/templates/_markup.html.erb (0.4ms)
  Rendered /Users/nolanfrazier/.rbenv/versions/2.3.0-dev/lib/ruby/gems/2.3.0/gems/web-console-2.3.0/lib/web_console/templates/_inner_console_markup.html.erb within layouts/inlined_string (0.3ms)
  Rendered /Users/nolanfrazier/.rbenv/versions/2.3.0-dev/lib/ruby/gems/2.3.0/gems/web-console-2.3.0/lib/web_console/templates/_prompt_box_markup.html.erb within layouts/inlined_string (0.3ms)
  Rendered /Users/nolanfrazier/.rbenv/versions/2.3.0-dev/lib/ruby/gems/2.3.0/gems/web-console-2.3.0/lib/web_console/templates/style.css.erb within layouts/inlined_string (0.4ms)
  Rendered /Users/nolanfrazier/.rbenv/versions/2.3.0-dev/lib/ruby/gems/2.3.0/gems/web-console-2.3.0/lib/web_console/templates/console.js.erb within layouts/javascript (66.6ms)
  Rendered /Users/nolanfrazier/.rbenv/versions/2.3.0-dev/lib/ruby/gems/2.3.0/gems/web-console-2.3.0/lib/web_console/templates/main.js.erb within layouts/javascript (0.3ms)
  Rendered /Users/nolanfrazier/.rbenv/versions/2.3.0-dev/lib/ruby/gems/2.3.0/gems/web-console-2.3.0/lib/web_console/templates/error_page.js.erb within layouts/javascript (0.4ms)
  Rendered /Users/nolanfrazier/.rbenv/versions/2.3.0-dev/lib/ruby/gems/2.3.0/gems/web-console-2.3.0/lib/web_console/templates/index.html.erb (147.4ms)


Started GET "/pins/3" for ::1 at 2016-03-03 13:45:58 -0800
Processing by PinsController#show as HTML
  Parameters: {"id"=>"3"}
  [1m[35mPin Load (0.3ms)[0m  SELECT  "pins".* FROM "pins" WHERE "pins"."id" = $1 LIMIT 1  [["id", 3]]
  Rendered pins/show.erb within layouts/application (68.2ms)
Completed 500 Internal Server Error in 73ms

ActionView::Template::Error (undefined local variable or method `pin' for #<#<Class:0x007fba7eb0b108>:0x007fba823c48f0>):
    10:   <hr/>
    11:   <p>
    12:     <b>Visit <%= "#{@pin.title}" %> at: </b>
    13:     <a class="url" href="<%= "#{pin.url}" %>" target="_blank">
    14:       <%= "#{pin.url}" %>
    15:     </a>
    16:   </p>
  app/views/pins/show.erb:13:in `_app_views_pins_show_erb___2261219283564675650_70219511058600'


  Rendered /Users/nolanfrazier/.rbenv/versions/2.3.0-dev/lib/ruby/gems/2.3.0/gems/actionpack-4.2.0/lib/action_dispatch/middleware/templates/rescues/_source.erb (8.4ms)
  Rendered /Users/nolanfrazier/.rbenv/versions/2.3.0-dev/lib/ruby/gems/2.3.0/gems/actionpack-4.2.0/lib/action_dispatch/middleware/templates/rescues/_trace.html.erb (3.2ms)
  Rendered /Users/nolanfrazier/.rbenv/versions/2.3.0-dev/lib/ruby/gems/2.3.0/gems/actionpack-4.2.0/lib/action_dispatch/middleware/templates/rescues/_request_and_response.html.erb (1.0ms)
  Rendered /Users/nolanfrazier/.rbenv/versions/2.3.0-dev/lib/ruby/gems/2.3.0/gems/actionpack-4.2.0/lib/action_dispatch/middleware/templates/rescues/template_error.html.erb within rescues/layout (78.6ms)
  Rendered /Users/nolanfrazier/.rbenv/versions/2.3.0-dev/lib/ruby/gems/2.3.0/gems/web-console-2.3.0/lib/web_console/templates/_markup.html.erb (0.5ms)
  Rendered /Users/nolanfrazier/.rbenv/versions/2.3.0-dev/lib/ruby/gems/2.3.0/gems/web-console-2.3.0/lib/web_console/templates/_inner_console_markup.html.erb within layouts/inlined_string (0.4ms)
  Rendered /Users/nolanfrazier/.rbenv/versions/2.3.0-dev/lib/ruby/gems/2.3.0/gems/web-console-2.3.0/lib/web_console/templates/_prompt_box_markup.html.erb within layouts/inlined_string (0.4ms)
  Rendered /Users/nolanfrazier/.rbenv/versions/2.3.0-dev/lib/ruby/gems/2.3.0/gems/web-console-2.3.0/lib/web_console/templates/style.css.erb within layouts/inlined_string (0.4ms)
  Rendered /Users/nolanfrazier/.rbenv/versions/2.3.0-dev/lib/ruby/gems/2.3.0/gems/web-console-2.3.0/lib/web_console/templates/console.js.erb within layouts/javascript (66.5ms)
  Rendered /Users/nolanfrazier/.rbenv/versions/2.3.0-dev/lib/ruby/gems/2.3.0/gems/web-console-2.3.0/lib/web_console/templates/main.js.erb within layouts/javascript (0.4ms)
  Rendered /Users/nolanfrazier/.rbenv/versions/2.3.0-dev/lib/ruby/gems/2.3.0/gems/web-console-2.3.0/lib/web_console/templates/error_page.js.erb within layouts/javascript (0.4ms)
  Rendered /Users/nolanfrazier/.rbenv/versions/2.3.0-dev/lib/ruby/gems/2.3.0/gems/web-console-2.3.0/lib/web_console/templates/index.html.erb (148.5ms)


Started GET "/pins/5" for ::1 at 2016-03-03 13:46:18 -0800
Processing by PinsController#show as HTML
  Parameters: {"id"=>"5"}
  [1m[36mPin Load (0.2ms)[0m  [1mSELECT  "pins".* FROM "pins" WHERE "pins"."id" = $1 LIMIT 1[0m  [["id", 5]]
  Rendered pins/show.erb within layouts/application (49.2ms)
Completed 500 Internal Server Error in 55ms

ActionView::Template::Error (undefined local variable or method `pin' for #<#<Class:0x007fba7eb0b108>:0x007fba8135a320>):
    10:   <hr/>
    11:   <p>
    12:     <b>Visit <%= "#{@pin.title}" %> at: </b>
    13:     <a class="url" href="<%= "#{pin.url}" %>" target="_blank">
    14:       <%= "#{pin.url}" %>
    15:     </a>
    16:   </p>
  app/views/pins/show.erb:13:in `_app_views_pins_show_erb___2261219283564675650_70219511610400'


  Rendered /Users/nolanfrazier/.rbenv/versions/2.3.0-dev/lib/ruby/gems/2.3.0/gems/actionpack-4.2.0/lib/action_dispatch/middleware/templates/rescues/_source.erb (8.0ms)
  Rendered /Users/nolanfrazier/.rbenv/versions/2.3.0-dev/lib/ruby/gems/2.3.0/gems/actionpack-4.2.0/lib/action_dispatch/middleware/templates/rescues/_trace.html.erb (3.0ms)
  Rendered /Users/nolanfrazier/.rbenv/versions/2.3.0-dev/lib/ruby/gems/2.3.0/gems/actionpack-4.2.0/lib/action_dispatch/middleware/templates/rescues/_request_and_response.html.erb (0.9ms)
  Rendered /Users/nolanfrazier/.rbenv/versions/2.3.0-dev/lib/ruby/gems/2.3.0/gems/actionpack-4.2.0/lib/action_dispatch/middleware/templates/rescues/template_error.html.erb within rescues/layout (81.0ms)
  Rendered /Users/nolanfrazier/.rbenv/versions/2.3.0-dev/lib/ruby/gems/2.3.0/gems/web-console-2.3.0/lib/web_console/templates/_markup.html.erb (0.4ms)
  Rendered /Users/nolanfrazier/.rbenv/versions/2.3.0-dev/lib/ruby/gems/2.3.0/gems/web-console-2.3.0/lib/web_console/templates/_inner_console_markup.html.erb within layouts/inlined_string (0.3ms)
  Rendered /Users/nolanfrazier/.rbenv/versions/2.3.0-dev/lib/ruby/gems/2.3.0/gems/web-console-2.3.0/lib/web_console/templates/_prompt_box_markup.html.erb within layouts/inlined_string (0.3ms)
  Rendered /Users/nolanfrazier/.rbenv/versions/2.3.0-dev/lib/ruby/gems/2.3.0/gems/web-console-2.3.0/lib/web_console/templates/style.css.erb within layouts/inlined_string (0.4ms)
  Rendered /Users/nolanfrazier/.rbenv/versions/2.3.0-dev/lib/ruby/gems/2.3.0/gems/web-console-2.3.0/lib/web_console/templates/console.js.erb within layouts/javascript (67.3ms)
  Rendered /Users/nolanfrazier/.rbenv/versions/2.3.0-dev/lib/ruby/gems/2.3.0/gems/web-console-2.3.0/lib/web_console/templates/main.js.erb within layouts/javascript (0.3ms)
  Rendered /Users/nolanfrazier/.rbenv/versions/2.3.0-dev/lib/ruby/gems/2.3.0/gems/web-console-2.3.0/lib/web_console/templates/error_page.js.erb within layouts/javascript (0.4ms)
  Rendered /Users/nolanfrazier/.rbenv/versions/2.3.0-dev/lib/ruby/gems/2.3.0/gems/web-console-2.3.0/lib/web_console/templates/index.html.erb (150.2ms)


Started GET "/pins/5" for ::1 at 2016-03-03 13:46:19 -0800
Processing by PinsController#show as HTML
  Parameters: {"id"=>"5"}
  [1m[35mPin Load (0.2ms)[0m  SELECT  "pins".* FROM "pins" WHERE "pins"."id" = $1 LIMIT 1  [["id", 5]]
  Rendered pins/show.erb within layouts/application (45.7ms)
Completed 500 Internal Server Error in 51ms

ActionView::Template::Error (undefined local variable or method `pin' for #<#<Class:0x007fba7eb0b108>:0x007fba83b3a728>):
    10:   <hr/>
    11:   <p>
    12:     <b>Visit <%= "#{@pin.title}" %> at: </b>
    13:     <a class="url" href="<%= "#{pin.url}" %>" target="_blank">
    14:       <%= "#{pin.url}" %>
    15:     </a>
    16:   </p>
  app/views/pins/show.erb:13:in `_app_views_pins_show_erb___2261219283564675650_70219511058600'


  Rendered /Users/nolanfrazier/.rbenv/versions/2.3.0-dev/lib/ruby/gems/2.3.0/gems/actionpack-4.2.0/lib/action_dispatch/middleware/templates/rescues/_source.erb (9.3ms)
  Rendered /Users/nolanfrazier/.rbenv/versions/2.3.0-dev/lib/ruby/gems/2.3.0/gems/actionpack-4.2.0/lib/action_dispatch/middleware/templates/rescues/_trace.html.erb (4.0ms)
  Rendered /Users/nolanfrazier/.rbenv/versions/2.3.0-dev/lib/ruby/gems/2.3.0/gems/actionpack-4.2.0/lib/action_dispatch/middleware/templates/rescues/_request_and_response.html.erb (1.3ms)
  Rendered /Users/nolanfrazier/.rbenv/versions/2.3.0-dev/lib/ruby/gems/2.3.0/gems/actionpack-4.2.0/lib/action_dispatch/middleware/templates/rescues/template_error.html.erb within rescues/layout (82.0ms)
  Rendered /Users/nolanfrazier/.rbenv/versions/2.3.0-dev/lib/ruby/gems/2.3.0/gems/web-console-2.3.0/lib/web_console/templates/_markup.html.erb (0.7ms)
  Rendered /Users/nolanfrazier/.rbenv/versions/2.3.0-dev/lib/ruby/gems/2.3.0/gems/web-console-2.3.0/lib/web_console/templates/_inner_console_markup.html.erb within layouts/inlined_string (0.4ms)
  Rendered /Users/nolanfrazier/.rbenv/versions/2.3.0-dev/lib/ruby/gems/2.3.0/gems/web-console-2.3.0/lib/web_console/templates/_prompt_box_markup.html.erb within layouts/inlined_string (0.4ms)
  Rendered /Users/nolanfrazier/.rbenv/versions/2.3.0-dev/lib/ruby/gems/2.3.0/gems/web-console-2.3.0/lib/web_console/templates/style.css.erb within layouts/inlined_string (0.5ms)
  Rendered /Users/nolanfrazier/.rbenv/versions/2.3.0-dev/lib/ruby/gems/2.3.0/gems/web-console-2.3.0/lib/web_console/templates/console.js.erb within layouts/javascript (68.7ms)
  Rendered /Users/nolanfrazier/.rbenv/versions/2.3.0-dev/lib/ruby/gems/2.3.0/gems/web-console-2.3.0/lib/web_console/templates/main.js.erb within layouts/javascript (0.4ms)
  Rendered /Users/nolanfrazier/.rbenv/versions/2.3.0-dev/lib/ruby/gems/2.3.0/gems/web-console-2.3.0/lib/web_console/templates/error_page.js.erb within layouts/javascript (0.5ms)
  Rendered /Users/nolanfrazier/.rbenv/versions/2.3.0-dev/lib/ruby/gems/2.3.0/gems/web-console-2.3.0/lib/web_console/templates/index.html.erb (152.4ms)


Started GET "/pins" for ::1 at 2016-03-03 13:48:44 -0800
  [1m[36mActiveRecord::SchemaMigration Load (0.4ms)[0m  [1mSELECT "schema_migrations".* FROM "schema_migrations"[0m
Processing by PinsController#index as HTML
  [1m[35mPin Load (0.5ms)[0m  SELECT "pins".* FROM "pins"
  Rendered pins/index.erb within layouts/application (10.5ms)
Completed 200 OK in 234ms (Views: 216.3ms | ActiveRecord: 3.0ms)


Started GET "/assets/cosmo-bootswatch-theme.self-c47e5de2daab674872713b8e1066b4ca5f69e2437ff6dd0ee3ffc4b21557fc00.css?body=1" for ::1 at 2016-03-03 13:48:45 -0800


Started GET "/assets/jquery.self-c64a74367bda6ef8b860f19e74df08927ca99d2be2ac934e9e92d5fd361e0da4.js?body=1" for ::1 at 2016-03-03 13:48:45 -0800


Started GET "/assets/turbolinks.self-c37727e9bd6b2735da5c311aa83fead54ed0be6cc8bd9a65309e9c5abe2cbfff.js?body=1" for ::1 at 2016-03-03 13:48:45 -0800


Started GET "/assets/jquery_ujs.self-d602bdfe68ffc63b9f9cc512872aa3cfff046228a0a36e90dd476e8ef54c1b09.js?body=1" for ::1 at 2016-03-03 13:48:45 -0800


Started GET "/assets/pins.self-eefb0977b2bea18c6c97c41710542af42c4ddbe6f577cbfd29d00a342be0224b.css?body=1" for ::1 at 2016-03-03 13:48:45 -0800


Started GET "/assets/application.self-e7a2f61f11e45634a8aec5caf2b0ead9e7b1d10aa20ddfd12dcb28faa6ed5289.css?body=1" for ::1 at 2016-03-03 13:48:45 -0800


Started GET "/assets/application.self-3a3c8b61bda630ee689740ce7cbd0dd8ea6fdd45e2c42eef4661ab38cf268afe.js?body=1" for ::1 at 2016-03-03 13:48:45 -0800


Started GET "/pins/1" for ::1 at 2016-03-03 13:48:51 -0800
Processing by PinsController#show as HTML
  Parameters: {"id"=>"1"}
  [1m[36mPin Load (0.4ms)[0m  [1mSELECT  "pins".* FROM "pins" WHERE "pins"."id" = $1 LIMIT 1[0m  [["id", 1]]
  Rendered pins/show.erb within layouts/application (67.7ms)
Completed 500 Internal Server Error in 82ms

ActionView::Template::Error (undefined local variable or method `pin' for #<#<Class:0x007feb68bd3368>:0x007feb69797500>):
    10:   <hr/>
    11:   <p>
    12:     <b>Visit <%= "#{@pin.title}" %> at: </b>
    13:     <a class="url" href="<%= "#{pin.url}" %>" target="_blank">
    14:       <%= "#{pin.url}" %>
    15:     </a>
    16:   </p>
  app/views/pins/show.erb:13:in `_app_views_pins_show_erb___1107026448865900855_70324531799100'


  Rendered /Users/nolanfrazier/.rbenv/versions/2.3.0-dev/lib/ruby/gems/2.3.0/gems/actionpack-4.2.0/lib/action_dispatch/middleware/templates/rescues/_source.erb (9.8ms)
  Rendered /Users/nolanfrazier/.rbenv/versions/2.3.0-dev/lib/ruby/gems/2.3.0/gems/actionpack-4.2.0/lib/action_dispatch/middleware/templates/rescues/_trace.html.erb (4.0ms)
  Rendered /Users/nolanfrazier/.rbenv/versions/2.3.0-dev/lib/ruby/gems/2.3.0/gems/actionpack-4.2.0/lib/action_dispatch/middleware/templates/rescues/_request_and_response.html.erb (2.4ms)
  Rendered /Users/nolanfrazier/.rbenv/versions/2.3.0-dev/lib/ruby/gems/2.3.0/gems/actionpack-4.2.0/lib/action_dispatch/middleware/templates/rescues/template_error.html.erb within rescues/layout (85.8ms)
  Rendered /Users/nolanfrazier/.rbenv/versions/2.3.0-dev/lib/ruby/gems/2.3.0/gems/web-console-2.3.0/lib/web_console/templates/_markup.html.erb (0.5ms)
  Rendered /Users/nolanfrazier/.rbenv/versions/2.3.0-dev/lib/ruby/gems/2.3.0/gems/web-console-2.3.0/lib/web_console/templates/_inner_console_markup.html.erb within layouts/inlined_string (1.0ms)
  Rendered /Users/nolanfrazier/.rbenv/versions/2.3.0-dev/lib/ruby/gems/2.3.0/gems/web-console-2.3.0/lib/web_console/templates/_prompt_box_markup.html.erb within layouts/inlined_string (0.9ms)
  Rendered /Users/nolanfrazier/.rbenv/versions/2.3.0-dev/lib/ruby/gems/2.3.0/gems/web-console-2.3.0/lib/web_console/templates/style.css.erb within layouts/inlined_string (0.4ms)
  Rendered /Users/nolanfrazier/.rbenv/versions/2.3.0-dev/lib/ruby/gems/2.3.0/gems/web-console-2.3.0/lib/web_console/templates/console.js.erb within layouts/javascript (80.9ms)
  Rendered /Users/nolanfrazier/.rbenv/versions/2.3.0-dev/lib/ruby/gems/2.3.0/gems/web-console-2.3.0/lib/web_console/templates/main.js.erb within layouts/javascript (1.7ms)
  Rendered /Users/nolanfrazier/.rbenv/versions/2.3.0-dev/lib/ruby/gems/2.3.0/gems/web-console-2.3.0/lib/web_console/templates/error_page.js.erb within layouts/javascript (0.7ms)
  Rendered /Users/nolanfrazier/.rbenv/versions/2.3.0-dev/lib/ruby/gems/2.3.0/gems/web-console-2.3.0/lib/web_console/templates/index.html.erb (175.7ms)


Started GET "/pins/1" for ::1 at 2016-03-03 13:49:21 -0800
Processing by PinsController#show as HTML
  Parameters: {"id"=>"1"}
  [1m[35mPin Load (0.3ms)[0m  SELECT  "pins".* FROM "pins" WHERE "pins"."id" = $1 LIMIT 1  [["id", 1]]
  Rendered pins/show.erb within layouts/application (68.5ms)
Completed 500 Internal Server Error in 75ms

ActionView::Template::Error (undefined local variable or method `pin' for #<#<Class:0x007feb68bd3368>:0x007feb69e3d080>):
    10:   <hr/>
    11:   <p>
    12:     <b>Visit <%= "#{@pin.title}" %> at: </b>
    13:     <a class="url" href="<%= "#{pin.url}" %>" target="_blank">
    14:       <%= "#{pin.url}" %>
    15:     </a>
    16:   </p>
  app/views/pins/show.erb:13:in `_app_views_pins_show_erb___1107026448865900855_70324535193980'


  Rendered /Users/nolanfrazier/.rbenv/versions/2.3.0-dev/lib/ruby/gems/2.3.0/gems/actionpack-4.2.0/lib/action_dispatch/middleware/templates/rescues/_source.erb (8.8ms)
  Rendered /Users/nolanfrazier/.rbenv/versions/2.3.0-dev/lib/ruby/gems/2.3.0/gems/actionpack-4.2.0/lib/action_dispatch/middleware/templates/rescues/_trace.html.erb (3.3ms)
  Rendered /Users/nolanfrazier/.rbenv/versions/2.3.0-dev/lib/ruby/gems/2.3.0/gems/actionpack-4.2.0/lib/action_dispatch/middleware/templates/rescues/_request_and_response.html.erb (1.0ms)
  Rendered /Users/nolanfrazier/.rbenv/versions/2.3.0-dev/lib/ruby/gems/2.3.0/gems/actionpack-4.2.0/lib/action_dispatch/middleware/templates/rescues/template_error.html.erb within rescues/layout (84.7ms)
  Rendered /Users/nolanfrazier/.rbenv/versions/2.3.0-dev/lib/ruby/gems/2.3.0/gems/web-console-2.3.0/lib/web_console/templates/_markup.html.erb (0.4ms)
  Rendered /Users/nolanfrazier/.rbenv/versions/2.3.0-dev/lib/ruby/gems/2.3.0/gems/web-console-2.3.0/lib/web_console/templates/_inner_console_markup.html.erb within layouts/inlined_string (0.5ms)
  Rendered /Users/nolanfrazier/.rbenv/versions/2.3.0-dev/lib/ruby/gems/2.3.0/gems/web-console-2.3.0/lib/web_console/templates/_prompt_box_markup.html.erb within layouts/inlined_string (0.4ms)
  Rendered /Users/nolanfrazier/.rbenv/versions/2.3.0-dev/lib/ruby/gems/2.3.0/gems/web-console-2.3.0/lib/web_console/templates/style.css.erb within layouts/inlined_string (0.4ms)
  Rendered /Users/nolanfrazier/.rbenv/versions/2.3.0-dev/lib/ruby/gems/2.3.0/gems/web-console-2.3.0/lib/web_console/templates/console.js.erb within layouts/javascript (69.2ms)
  Rendered /Users/nolanfrazier/.rbenv/versions/2.3.0-dev/lib/ruby/gems/2.3.0/gems/web-console-2.3.0/lib/web_console/templates/main.js.erb within layouts/javascript (0.3ms)
  Rendered /Users/nolanfrazier/.rbenv/versions/2.3.0-dev/lib/ruby/gems/2.3.0/gems/web-console-2.3.0/lib/web_console/templates/error_page.js.erb within layouts/javascript (0.4ms)
  Rendered /Users/nolanfrazier/.rbenv/versions/2.3.0-dev/lib/ruby/gems/2.3.0/gems/web-console-2.3.0/lib/web_console/templates/index.html.erb (153.9ms)


Started GET "/pins/1" for ::1 at 2016-03-03 13:49:22 -0800
Processing by PinsController#show as HTML
  Parameters: {"id"=>"1"}
  [1m[36mPin Load (0.3ms)[0m  [1mSELECT  "pins".* FROM "pins" WHERE "pins"."id" = $1 LIMIT 1[0m  [["id", 1]]
  Rendered pins/show.erb within layouts/application (53.9ms)
Completed 500 Internal Server Error in 59ms

ActionView::Template::Error (undefined local variable or method `pin' for #<#<Class:0x007feb68bd3368>:0x007feb70881018>):
    10:   <hr/>
    11:   <p>
    12:     <b>Visit <%= "#{@pin.title}" %> at: </b>
    13:     <a class="url" href="<%= "#{pin.url}" %>" target="_blank">
    14:       <%= "#{pin.url}" %>
    15:     </a>
    16:   </p>
  app/views/pins/show.erb:13:in `_app_views_pins_show_erb___1107026448865900855_70324531799100'


  Rendered /Users/nolanfrazier/.rbenv/versions/2.3.0-dev/lib/ruby/gems/2.3.0/gems/actionpack-4.2.0/lib/action_dispatch/middleware/templates/rescues/_source.erb (8.7ms)
  Rendered /Users/nolanfrazier/.rbenv/versions/2.3.0-dev/lib/ruby/gems/2.3.0/gems/actionpack-4.2.0/lib/action_dispatch/middleware/templates/rescues/_trace.html.erb (3.6ms)
  Rendered /Users/nolanfrazier/.rbenv/versions/2.3.0-dev/lib/ruby/gems/2.3.0/gems/actionpack-4.2.0/lib/action_dispatch/middleware/templates/rescues/_request_and_response.html.erb (1.0ms)
  Rendered /Users/nolanfrazier/.rbenv/versions/2.3.0-dev/lib/ruby/gems/2.3.0/gems/actionpack-4.2.0/lib/action_dispatch/middleware/templates/rescues/template_error.html.erb within rescues/layout (81.0ms)
  Rendered /Users/nolanfrazier/.rbenv/versions/2.3.0-dev/lib/ruby/gems/2.3.0/gems/web-console-2.3.0/lib/web_console/templates/_markup.html.erb (0.5ms)
  Rendered /Users/nolanfrazier/.rbenv/versions/2.3.0-dev/lib/ruby/gems/2.3.0/gems/web-console-2.3.0/lib/web_console/templates/_inner_console_markup.html.erb within layouts/inlined_string (0.4ms)
  Rendered /Users/nolanfrazier/.rbenv/versions/2.3.0-dev/lib/ruby/gems/2.3.0/gems/web-console-2.3.0/lib/web_console/templates/_prompt_box_markup.html.erb within layouts/inlined_string (0.3ms)
  Rendered /Users/nolanfrazier/.rbenv/versions/2.3.0-dev/lib/ruby/gems/2.3.0/gems/web-console-2.3.0/lib/web_console/templates/style.css.erb within layouts/inlined_string (0.4ms)
  Rendered /Users/nolanfrazier/.rbenv/versions/2.3.0-dev/lib/ruby/gems/2.3.0/gems/web-console-2.3.0/lib/web_console/templates/console.js.erb within layouts/javascript (69.8ms)
  Rendered /Users/nolanfrazier/.rbenv/versions/2.3.0-dev/lib/ruby/gems/2.3.0/gems/web-console-2.3.0/lib/web_console/templates/main.js.erb within layouts/javascript (0.3ms)
  Rendered /Users/nolanfrazier/.rbenv/versions/2.3.0-dev/lib/ruby/gems/2.3.0/gems/web-console-2.3.0/lib/web_console/templates/error_page.js.erb within layouts/javascript (1.1ms)
  Rendered /Users/nolanfrazier/.rbenv/versions/2.3.0-dev/lib/ruby/gems/2.3.0/gems/web-console-2.3.0/lib/web_console/templates/index.html.erb (155.9ms)
  [1m[36mPin Load (0.6ms)[0m  [1mSELECT "pins".* FROM "pins"[0m
  [1m[35mPin Load (0.5ms)[0m  SELECT  "pins".* FROM "pins" WHERE "pins"."id" = $1 LIMIT 1  [["id", 1]]


Started GET "/pins/1" for ::1 at 2016-03-03 13:51:21 -0800
  [1m[36mActiveRecord::SchemaMigration Load (0.4ms)[0m  [1mSELECT "schema_migrations".* FROM "schema_migrations"[0m
Processing by PinsController#show as HTML
  Parameters: {"id"=>"1"}
  [1m[35mPin Load (0.4ms)[0m  SELECT  "pins".* FROM "pins" WHERE "pins"."id" = $1 LIMIT 1  [["id", 1]]
  Rendered pins/show.erb within layouts/application (2.5ms)
Completed 200 OK in 240ms (Views: 212.2ms | ActiveRecord: 3.4ms)


Started GET "/assets/pins.self-eefb0977b2bea18c6c97c41710542af42c4ddbe6f577cbfd29d00a342be0224b.css?body=1" for ::1 at 2016-03-03 13:51:22 -0800


Started GET "/assets/application.self-e7a2f61f11e45634a8aec5caf2b0ead9e7b1d10aa20ddfd12dcb28faa6ed5289.css?body=1" for ::1 at 2016-03-03 13:51:22 -0800


Started GET "/assets/turbolinks.self-c37727e9bd6b2735da5c311aa83fead54ed0be6cc8bd9a65309e9c5abe2cbfff.js?body=1" for ::1 at 2016-03-03 13:51:22 -0800


Started GET "/assets/cosmo-bootswatch-theme.self-c47e5de2daab674872713b8e1066b4ca5f69e2437ff6dd0ee3ffc4b21557fc00.css?body=1" for ::1 at 2016-03-03 13:51:22 -0800


Started GET "/assets/jquery_ujs.self-d602bdfe68ffc63b9f9cc512872aa3cfff046228a0a36e90dd476e8ef54c1b09.js?body=1" for ::1 at 2016-03-03 13:51:22 -0800


Started GET "/assets/jquery.self-c64a74367bda6ef8b860f19e74df08927ca99d2be2ac934e9e92d5fd361e0da4.js?body=1" for ::1 at 2016-03-03 13:51:22 -0800


Started GET "/assets/application.self-3a3c8b61bda630ee689740ce7cbd0dd8ea6fdd45e2c42eef4661ab38cf268afe.js?body=1" for ::1 at 2016-03-03 13:51:22 -0800


Started GET "/pins" for ::1 at 2016-03-03 13:52:20 -0800
  [1m[36mActiveRecord::SchemaMigration Load (0.5ms)[0m  [1mSELECT "schema_migrations".* FROM "schema_migrations"[0m
Processing by PinsController#index as HTML
  [1m[35mPin Load (0.5ms)[0m  SELECT "pins".* FROM "pins"
  Rendered pins/index.erb within layouts/application (10.0ms)
Completed 200 OK in 236ms (Views: 221.2ms | ActiveRecord: 2.9ms)


Started GET "/assets/cosmo-bootswatch-theme.self-c47e5de2daab674872713b8e1066b4ca5f69e2437ff6dd0ee3ffc4b21557fc00.css?body=1" for ::1 at 2016-03-03 13:52:21 -0800


Started GET "/assets/pins.self-eefb0977b2bea18c6c97c41710542af42c4ddbe6f577cbfd29d00a342be0224b.css?body=1" for ::1 at 2016-03-03 13:52:21 -0800


Started GET "/assets/application.self-e7a2f61f11e45634a8aec5caf2b0ead9e7b1d10aa20ddfd12dcb28faa6ed5289.css?body=1" for ::1 at 2016-03-03 13:52:21 -0800


Started GET "/assets/jquery.self-c64a74367bda6ef8b860f19e74df08927ca99d2be2ac934e9e92d5fd361e0da4.js?body=1" for ::1 at 2016-03-03 13:52:21 -0800


Started GET "/assets/jquery_ujs.self-d602bdfe68ffc63b9f9cc512872aa3cfff046228a0a36e90dd476e8ef54c1b09.js?body=1" for ::1 at 2016-03-03 13:52:21 -0800


Started GET "/assets/turbolinks.self-c37727e9bd6b2735da5c311aa83fead54ed0be6cc8bd9a65309e9c5abe2cbfff.js?body=1" for ::1 at 2016-03-03 13:52:21 -0800


Started GET "/assets/application.self-3a3c8b61bda630ee689740ce7cbd0dd8ea6fdd45e2c42eef4661ab38cf268afe.js?body=1" for ::1 at 2016-03-03 13:52:21 -0800


Started GET "/pins/1" for ::1 at 2016-03-03 13:52:23 -0800
Processing by PinsController#show as HTML
  Parameters: {"id"=>"1"}
  [1m[36mPin Load (0.3ms)[0m  [1mSELECT  "pins".* FROM "pins" WHERE "pins"."id" = $1 LIMIT 1[0m  [["id", 1]]
  Rendered pins/show.erb within layouts/application (0.6ms)
Completed 200 OK in 29ms (Views: 19.3ms | ActiveRecord: 0.6ms)
